<?xml version="1.0" encoding="UTF-8"?>
<!-- Generated by org.testng.reporters.JUnitXMLReporter -->
<testsuite ignored="0" hostname="q" failures="0" tests="4" name="Test" time="0.201" errors="0" timestamp="2023-02-04T16:28:00 IST">
  <testcase classname="testt.BaseTest" name="@BeforeClass initBrowser" time="0.056">
    <failure type="java.lang.NoClassDefFoundError" message="org/apache/hc/core5/http/ClassicHttpRequest">
      <![CDATA[java.lang.NoClassDefFoundError: org/apache/hc/core5/http/ClassicHttpRequest
at testt.BaseTest.initBrowser(BaseTest.java:18)
at java.base/java.util.ArrayList.forEach(ArrayList.java:1511)
Caused by: java.lang.ClassNotFoundException: org.apache.hc.core5.http.ClassicHttpRequest
at java.base/jdk.internal.loader.BuiltinClassLoader.loadClass(BuiltinClassLoader.java:641)
at java.base/jdk.internal.loader.ClassLoaders$AppClassLoader.loadClass(ClassLoaders.java:188)
at java.base/java.lang.ClassLoader.loadClass(ClassLoader.java:521)
... 25 more
... Removed 23 stack frames]]>
    </failure>
  </testcase> <!-- @BeforeClass initBrowser -->
  <testcase classname="testt.BaseTest" name="@BeforeClass pageObjects" time="-1.675508280722E9">
    <skipped/>
  </testcase> <!-- @BeforeClass pageObjects -->
  <testcase classname="testt.BaseTest" name="@AfterClass tearDownEnvironment" time="-1.6755082808E9">
    <skipped/>
  </testcase> <!-- @AfterClass tearDownEnvironment -->
  <testcase classname="testt.LoginTest" name="verifyBuildTitleName" time="0.0">
    <skipped/>
  </testcase> <!-- verifyBuildTitleName -->
  <testcase classname="testt.LoginTest" name="verifyTitleOfLoginPage" time="0.0">
    <skipped/>
  </testcase> <!-- verifyTitleOfLoginPage -->
  <testcase classname="testt.LoginTest" name="verifyCurrentUrlOfPage" time="0.0">
    <skipped/>
  </testcase> <!-- verifyCurrentUrlOfPage -->
  <testcase classname="testt.LoginTest" name="verifyLoginWithCorrectCredentials" time="0.0">
    <skipped/>
  </testcase> <!-- verifyLoginWithCorrectCredentials -->
</testsuite> <!-- Test -->
